<?xml version="1.0" encoding="UTF-8"?>
<!-- Generated by org.testng.reporters.JUnitReportReporter -->
<testsuite hostname="Subs-Machine" failures="0" tests="2" name="subratpattanaik.tests.ErrorValidations" time="24.783" errors="0" timestamp="2022-09-14T23:00:20 IST" skipped="0">
  <testcase classname="subratpattanaik.tests.ErrorValidations" name="ProductErrorValidation" time="19.144"/>
  <system-out/>
  <testcase classname="subratpattanaik.tests.ErrorValidations" name="submitOrder" time="5.639"/>
  <system-out/>
</testsuite> <!-- subratpattanaik.tests.ErrorValidations -->
