<?xml version="1.0" encoding="UTF-8"?>
<!-- Generated by org.testng.reporters.JUnitReportReporter -->
<testsuite hostname="Subs-Machine" failures="0" tests="2" name="subratpattanaik.tests.SubmitOrderTest" time="32.381" errors="0" timestamp="2022-09-15T18:31:35 IST" skipped="0">
  <testcase classname="subratpattanaik.tests.SubmitOrderTest" name="orderHistoryTest" time="14.058"/>
  <system-out/>
  <testcase classname="subratpattanaik.tests.SubmitOrderTest" name="submitOrder" time="18.323"/>
  <system-out/>
</testsuite> <!-- subratpattanaik.tests.SubmitOrderTest -->
