<?xml version="1.0" encoding="UTF-8"?>
<!-- Generated by org.testng.reporters.JUnitReportReporter -->
<testsuite hostname="Subs-Machine" failures="0" tests="1" name="subratpattanaik.tests.SubmitOrderTest" time="22.146" errors="0" timestamp="2022-09-14T22:57:09 IST" skipped="0">
  <testcase classname="subratpattanaik.tests.SubmitOrderTest" name="submitOrder" time="22.146"/>
  <system-out/>
</testsuite> <!-- subratpattanaik.tests.SubmitOrderTest -->
