<?xml version="1.0" encoding="UTF-8"?>
<!-- Generated by org.testng.reporters.JUnitReportReporter -->
<testsuite hostname="Subs-Machine" failures="0" tests="2" name="subratpattanaik.tests.ErrorValidations" time="32.041" errors="0" timestamp="2022-09-15T18:41:01 IST" skipped="0">
  <testcase classname="subratpattanaik.tests.ErrorValidations" name="submitOrder" time="9.963"/>
  <system-out/>
  <testcase classname="subratpattanaik.tests.ErrorValidations" name="ProductErrorValidation" time="22.078"/>
  <system-out/>
</testsuite> <!-- subratpattanaik.tests.ErrorValidations -->
