<?xml version="1.0" encoding="UTF-8"?>
<!-- Generated by org.testng.reporters.JUnitReportReporter -->
<testsuite hostname="Subs-Machine" failures="0" tests="4" name="subratpattanaik.tests.SubmitOrderTest" time="18.145" errors="0" timestamp="2022-09-17T20:29:37 IST" skipped="0">
  <testcase classname="subratpattanaik.tests.SubmitOrderTest" name="submitOrder" time="5.158"/>
  <system-out/>
  <testcase classname="subratpattanaik.tests.SubmitOrderTest" name="submitOrder" time="5.004"/>
  <system-out/>
  <testcase classname="subratpattanaik.tests.SubmitOrderTest" name="orderHistoryTest" time="4.652"/>
  <system-out/>
  <testcase classname="subratpattanaik.tests.SubmitOrderTest" name="orderHistoryTest" time="3.331"/>
  <system-out/>
</testsuite> <!-- subratpattanaik.tests.SubmitOrderTest -->
