<?xml version="1.0" encoding="UTF-8"?>
<!-- Generated by org.testng.reporters.JUnitReportReporter -->
<testsuite hostname="Subs-Machine" failures="0" tests="2" name="subratpattanaik.tests.SubmitOrderTest" time="43.162" errors="0" timestamp="2022-09-15T21:44:45 IST" skipped="0">
  <testcase classname="subratpattanaik.tests.SubmitOrderTest" name="submitOrder" time="22.564"/>
  <system-out/>
  <testcase classname="subratpattanaik.tests.SubmitOrderTest" name="submitOrder" time="20.598"/>
  <system-out/>
</testsuite> <!-- subratpattanaik.tests.SubmitOrderTest -->
